<?xml version="1.0" encoding="UTF-8"?>
<robot generator="Robot 4.1.3 (Python 3.10.2 on win32)" generated="20220313 07:46:36.619" rpa="false" schemaversion="2">
<suite id="s1" name="Amazon Testes" source="C:\Users\Tiago Gomes\OneDrive\Documentos\Automação de Testes\RobotFramework\WebTesting\amazon_testes.robot">
<test id="s1-t1" name="Caso de Teste 01 - Acesso ao menu &quot;Eletrônicos&quot;">
<kw name="Abrir o navegador" library="amazon_resources" type="SETUP">
<kw name="Open Browser" library="SeleniumLibrary">
<arg>browser=chrome</arg>
<doc>Opens a new browser instance to the optional ``url``.</doc>
<msg timestamp="20220313 07:46:36.762" level="INFO">Opening browser 'chrome' to base url 'None'.</msg>
<status status="PASS" starttime="20220313 07:46:36.761" endtime="20220313 07:46:37.905"/>
</kw>
<status status="PASS" starttime="20220313 07:46:36.761" endtime="20220313 07:46:37.905"/>
</kw>
<kw name="Acessar a home page do site Amazon.com.br">
<msg timestamp="20220313 07:46:37.910" level="FAIL">No keyword with name 'Acessar a home page do site Amazon.com.br' found.</msg>
<status status="FAIL" starttime="20220313 07:46:37.910" endtime="20220313 07:46:37.910"/>
</kw>
<kw name="Entrar no menu &quot;Eletrônicos&quot;">
<status status="NOT RUN" starttime="20220313 07:46:37.913" endtime="20220313 07:46:37.913"/>
</kw>
<kw name="Verificar se o título da página fica &quot;Eletrônicos e Tecnologia | Amazon.com.br&quot;">
<status status="NOT RUN" starttime="20220313 07:46:37.916" endtime="20220313 07:46:37.917"/>
</kw>
<kw name="Verificar se aparece a frase &quot;Eletrônicos e Tecnologia&quot;">
<status status="NOT RUN" starttime="20220313 07:46:37.918" endtime="20220313 07:46:37.918"/>
</kw>
<kw name="Verificar se aparece a categoria &quot;Computadores e Informática&quot;">
<status status="NOT RUN" starttime="20220313 07:46:37.920" endtime="20220313 07:46:37.920"/>
</kw>
<kw name="Fechar o navegador" library="amazon_resources" type="TEARDOWN">
<kw name="Close Browser" library="SeleniumLibrary">
<doc>Closes the current browser.</doc>
<status status="PASS" starttime="20220313 07:46:37.921" endtime="20220313 07:46:39.999"/>
</kw>
<status status="PASS" starttime="20220313 07:46:37.921" endtime="20220313 07:46:40.000"/>
</kw>
<doc>Esse teste verfica o menu eletrônico do site da Amazon.com.br
e verifica a categoria Computadores e informática</doc>
<tag>catergorias</tag>
<tag>menus</tag>
<status status="FAIL" starttime="20220313 07:46:36.760" endtime="20220313 07:46:40.001">No keyword with name 'Acessar a home page do site Amazon.com.br' found.</status>
</test>
<test id="s1-t2" name="Caso de Teste 02 - Pesquisa de um Produto">
<kw name="Abrir o navegador" library="amazon_resources" type="SETUP">
<kw name="Open Browser" library="SeleniumLibrary">
<arg>browser=chrome</arg>
<doc>Opens a new browser instance to the optional ``url``.</doc>
<msg timestamp="20220313 07:46:40.005" level="INFO">Opening browser 'chrome' to base url 'None'.</msg>
<status status="PASS" starttime="20220313 07:46:40.005" endtime="20220313 07:46:41.098"/>
</kw>
<status status="PASS" starttime="20220313 07:46:40.005" endtime="20220313 07:46:41.098"/>
</kw>
<kw name="Acessar a home page do site Amazon.com.br">
<msg timestamp="20220313 07:46:41.101" level="FAIL">No keyword with name 'Acessar a home page do site Amazon.com.br' found.</msg>
<status status="FAIL" starttime="20220313 07:46:41.101" endtime="20220313 07:46:41.101"/>
</kw>
<kw name="Digitar o nome de produto &quot;Xbox Series S&quot; no campo de pesquisa">
<status status="NOT RUN" starttime="20220313 07:46:41.105" endtime="20220313 07:46:41.105"/>
</kw>
<kw name="Clicar no botão de pesquisa">
<status status="NOT RUN" starttime="20220313 07:46:41.108" endtime="20220313 07:46:41.108"/>
</kw>
<kw name="Verificar o resultado da pesquisa se esta listando o produto pesquisado">
<status status="NOT RUN" starttime="20220313 07:46:41.110" endtime="20220313 07:46:41.110"/>
</kw>
<kw name="Fechar o navegador" library="amazon_resources" type="TEARDOWN">
<kw name="Close Browser" library="SeleniumLibrary">
<doc>Closes the current browser.</doc>
<status status="PASS" starttime="20220313 07:46:41.111" endtime="20220313 07:46:43.202"/>
</kw>
<status status="PASS" starttime="20220313 07:46:41.111" endtime="20220313 07:46:43.203"/>
</kw>
<doc>Esse teste verifica a busca de um produto</doc>
<tag>busca_produtos</tag>
<tag>lista_busca</tag>
<status status="FAIL" starttime="20220313 07:46:40.003" endtime="20220313 07:46:43.204">No keyword with name 'Acessar a home page do site Amazon.com.br' found.</status>
</test>
<doc>Essa suíte testa o site da Amazon.com.br</doc>
<status status="FAIL" starttime="20220313 07:46:36.620" endtime="20220313 07:46:43.206"/>
</suite>
<statistics>
<total>
<stat pass="0" fail="2" skip="0">All Tests</stat>
</total>
<tag>
<stat pass="0" fail="1" skip="0">busca_produtos</stat>
<stat pass="0" fail="1" skip="0">catergorias</stat>
<stat pass="0" fail="1" skip="0">lista_busca</stat>
<stat pass="0" fail="1" skip="0">menus</stat>
</tag>
<suite>
<stat pass="0" fail="2" skip="0" id="s1" name="Amazon Testes">Amazon Testes</stat>
</suite>
</statistics>
<errors>
</errors>
</robot>
