<?xml version="1.0" encoding="UTF-8"?>
<robot generator="Robot 4.1.3 (Python 3.10.2 on win32)" generated="20220320 18:50:39.616" rpa="false" schemaversion="2">
<suite id="s1" name="Tarefa6" source="C:\Users\Tiago Gomes\OneDrive\Documentos\Automação de Testes\RobotFramework\WebTesting\Resolução de Tarefas\tarefa6.robot">
<test id="s1-t1" name="Eu sou o numero">
<status status="FAIL" starttime="20220320 18:50:39.791" endtime="20220320 18:50:39.791">Test case contains no keywords.</status>
</test>
<doc>Resolução da Tarefa 06</doc>
<status status="FAIL" starttime="20220320 18:50:39.617" endtime="20220320 18:50:39.793"/>
</suite>
<statistics>
<total>
<stat pass="0" fail="1" skip="0">All Tests</stat>
</total>
<tag>
</tag>
<suite>
<stat pass="0" fail="1" skip="0" id="s1" name="Tarefa6">Tarefa6</stat>
</suite>
</statistics>
<errors>
</errors>
</robot>
