<?xml version="1.0" encoding="UTF-8"?>
<robot generator="Robot 4.1.3 (Python 3.10.2 on win32)" generated="20220313 18:32:08.344" rpa="false" schemaversion="2">
<suite id="s1" name="Amazon Testes" source="C:\Users\Tiago Gomes\OneDrive\Documentos\Automação de Testes\RobotFramework\WebTesting\amazon_testes.robot">
<test id="s1-t1" name="Caso de Teste 01 - Acesso ao menu &quot;Eletrônicos&quot;">
<kw name="Abrir o navegador" library="amazon_resources" type="SETUP">
<kw name="Open Browser" library="SeleniumLibrary">
<arg>browser=chrome</arg>
<doc>Opens a new browser instance to the optional ``url``.</doc>
<msg timestamp="20220313 18:32:08.519" level="INFO">Opening browser 'chrome' to base url 'None'.</msg>
<status status="PASS" starttime="20220313 18:32:08.519" endtime="20220313 18:32:09.692"/>
</kw>
<kw name="Maximize Browser Window" library="SeleniumLibrary">
<doc>Maximizes current browser window.</doc>
<status status="PASS" starttime="20220313 18:32:09.692" endtime="20220313 18:32:09.818"/>
</kw>
<status status="PASS" starttime="20220313 18:32:08.519" endtime="20220313 18:32:09.819"/>
</kw>
<kw name="Acessar a home page do site Amazon.com.br" library="amazon_resources">
<kw name="Go To" library="SeleniumLibrary">
<arg>url=${URL}</arg>
<doc>Navigates the current browser window to the provided ``url``.</doc>
<msg timestamp="20220313 18:32:09.822" level="INFO">Opening url 'https://www.amazon.com.br/'</msg>
<status status="PASS" starttime="20220313 18:32:09.821" endtime="20220313 18:32:11.418"/>
</kw>
<kw name="Wait Until Element Is Visible" library="SeleniumLibrary">
<arg>locator=${MENU_ELETRONICOS}</arg>
<doc>Waits until the element ``locator`` is visible.</doc>
<status status="PASS" starttime="20220313 18:32:11.419" endtime="20220313 18:32:11.444"/>
</kw>
<status status="PASS" starttime="20220313 18:32:09.820" endtime="20220313 18:32:11.445"/>
</kw>
<kw name="Verificar se o título da página fica &quot;Amazon.com.br | Tudo pra você, de A a Z.&quot;" library="amazon_resources" sourcename="Verificar se o título da página fica &quot;${TITULO}&quot;">
<kw name="Title Should Be" library="SeleniumLibrary">
<arg>title=${TITULO}</arg>
<doc>Verifies that the current page title equals ``title``.</doc>
<msg timestamp="20220313 18:32:11.450" level="INFO">Page title is 'Amazon.com.br | Tudo pra você, de A a Z.'.</msg>
<status status="PASS" starttime="20220313 18:32:11.446" endtime="20220313 18:32:11.450"/>
</kw>
<status status="PASS" starttime="20220313 18:32:11.445" endtime="20220313 18:32:11.450"/>
</kw>
<kw name="Entrar no menu &quot;Eletrônicos&quot;" library="amazon_resources">
<kw name="Click Element" library="SeleniumLibrary">
<arg>locator=${MENU_ELETRONICOS}</arg>
<doc>Click the element identified by ``locator``.</doc>
<msg timestamp="20220313 18:32:11.451" level="INFO">Clicking element '//a[@href='/Eletronicos-e-Tecnologia/b/?ie=UTF8&amp;node=16209062011&amp;ref_=nav_cs_electronics'][contains(.,'Eletrônicos')]'.</msg>
<status status="PASS" starttime="20220313 18:32:11.451" endtime="20220313 18:32:13.669"/>
</kw>
<status status="PASS" starttime="20220313 18:32:11.451" endtime="20220313 18:32:13.670"/>
</kw>
<kw name="Verificar se aparece a frase &quot;Eletrônicos e Tecnologia&quot;" library="amazon_resources">
<kw name="Wait Until Page Contains" library="SeleniumLibrary">
<arg>text=${TEXT_HEADER_ELETRONICO}</arg>
<doc>Waits until ``text`` appears on the current page.</doc>
<status status="PASS" starttime="20220313 18:32:13.671" endtime="20220313 18:32:13.738"/>
</kw>
<kw name="Wait Until Element Is Visible" library="SeleniumLibrary">
<arg>locator=${HEADER_ELETRONICOS}</arg>
<doc>Waits until the element ``locator`` is visible.</doc>
<status status="PASS" starttime="20220313 18:32:13.739" endtime="20220313 18:32:13.817"/>
</kw>
<status status="PASS" starttime="20220313 18:32:13.671" endtime="20220313 18:32:13.817"/>
</kw>
<kw name="Verificar se o título da página fica &quot;Eletrônicos e Tecnologia | Amazon.com.br&quot;" library="amazon_resources" sourcename="Verificar se o título da página fica &quot;${TITULO}&quot;">
<kw name="Title Should Be" library="SeleniumLibrary">
<arg>title=${TITULO}</arg>
<doc>Verifies that the current page title equals ``title``.</doc>
<msg timestamp="20220313 18:32:13.874" level="INFO">Page title is 'Eletrônicos e Tecnologia | Amazon.com.br'.</msg>
<status status="PASS" starttime="20220313 18:32:13.823" endtime="20220313 18:32:13.874"/>
</kw>
<status status="PASS" starttime="20220313 18:32:13.818" endtime="20220313 18:32:13.874"/>
</kw>
<kw name="Verificar se aparece a categoria &quot;Computadores e Informática&quot;" library="amazon_resources" sourcename="Verificar se aparece a categoria &quot;${NOME_CATEGORIA}&quot;">
<kw name="Element Should Be Visible" library="SeleniumLibrary">
<arg>locator=//span[@dir='auto'][contains(.,'${NOME_CATEGORIA}')]</arg>
<doc>Verifies that the element identified by ``locator`` is visible.</doc>
<msg timestamp="20220313 18:32:13.952" level="INFO">Element '//span[@dir='auto'][contains(.,'Computadores e Informática')]' is displayed.</msg>
<status status="PASS" starttime="20220313 18:32:13.875" endtime="20220313 18:32:13.952"/>
</kw>
<status status="PASS" starttime="20220313 18:32:13.875" endtime="20220313 18:32:13.952"/>
</kw>
<kw name="Verificar se aparece a categoria &quot;Celulares e Comunicação&quot;" library="amazon_resources" sourcename="Verificar se aparece a categoria &quot;${NOME_CATEGORIA}&quot;">
<kw name="Element Should Be Visible" library="SeleniumLibrary">
<arg>locator=//span[@dir='auto'][contains(.,'${NOME_CATEGORIA}')]</arg>
<doc>Verifies that the element identified by ``locator`` is visible.</doc>
<msg timestamp="20220313 18:32:14.015" level="INFO">Element '//span[@dir='auto'][contains(.,'Celulares e Comunicação')]' is displayed.</msg>
<status status="PASS" starttime="20220313 18:32:13.954" endtime="20220313 18:32:14.015"/>
</kw>
<status status="PASS" starttime="20220313 18:32:13.953" endtime="20220313 18:32:14.015"/>
</kw>
<kw name="Fechar o navegador" library="amazon_resources" type="TEARDOWN">
<kw name="Capture Page Screenshot" library="SeleniumLibrary">
<doc>Takes a screenshot of the current page and embeds it into a log file.</doc>
<msg timestamp="20220313 18:32:14.286" level="INFO" html="true">&lt;/td&gt;&lt;/tr&gt;&lt;tr&gt;&lt;td colspan="3"&gt;&lt;a href="selenium-screenshot-5.png"&gt;&lt;img src="selenium-screenshot-5.png" width="800px"&gt;&lt;/a&gt;</msg>
<status status="PASS" starttime="20220313 18:32:14.016" endtime="20220313 18:32:14.286"/>
</kw>
<kw name="Close Browser" library="SeleniumLibrary">
<doc>Closes the current browser.</doc>
<status status="PASS" starttime="20220313 18:32:14.286" endtime="20220313 18:32:16.408"/>
</kw>
<status status="PASS" starttime="20220313 18:32:14.016" endtime="20220313 18:32:16.408"/>
</kw>
<doc>Esse teste verfica o menu eletrônico do site da Amazon.com.br
e verifica a categoria Computadores e informática</doc>
<tag>catergorias</tag>
<tag>menus</tag>
<status status="PASS" starttime="20220313 18:32:08.518" endtime="20220313 18:32:16.410"/>
</test>
<test id="s1-t2" name="Caso de Teste 02 - Pesquisa de um Produto (Feito por mim)">
<kw name="Abrir o navegador" library="amazon_resources" type="SETUP">
<kw name="Open Browser" library="SeleniumLibrary">
<arg>browser=chrome</arg>
<doc>Opens a new browser instance to the optional ``url``.</doc>
<msg timestamp="20220313 18:32:16.417" level="INFO">Opening browser 'chrome' to base url 'None'.</msg>
<status status="PASS" starttime="20220313 18:32:16.417" endtime="20220313 18:32:17.534"/>
</kw>
<kw name="Maximize Browser Window" library="SeleniumLibrary">
<doc>Maximizes current browser window.</doc>
<status status="PASS" starttime="20220313 18:32:17.534" endtime="20220313 18:32:17.651"/>
</kw>
<status status="PASS" starttime="20220313 18:32:16.415" endtime="20220313 18:32:17.652"/>
</kw>
<kw name="Acessar a home page do site Amazon.com.br" library="amazon_resources">
<kw name="Go To" library="SeleniumLibrary">
<arg>url=${URL}</arg>
<doc>Navigates the current browser window to the provided ``url``.</doc>
<msg timestamp="20220313 18:32:17.655" level="INFO">Opening url 'https://www.amazon.com.br/'</msg>
<status status="PASS" starttime="20220313 18:32:17.654" endtime="20220313 18:32:19.332"/>
</kw>
<kw name="Wait Until Element Is Visible" library="SeleniumLibrary">
<arg>locator=${MENU_ELETRONICOS}</arg>
<doc>Waits until the element ``locator`` is visible.</doc>
<status status="PASS" starttime="20220313 18:32:19.333" endtime="20220313 18:32:19.355"/>
</kw>
<status status="PASS" starttime="20220313 18:32:17.653" endtime="20220313 18:32:19.355"/>
</kw>
<kw name="Digitar o nome de produto &quot;Xbox Series S&quot; no campo de pesquisa" library="amazon_resources" sourcename="Digitar o nome de produto &quot;${PESQUISA_PRODUTO}&quot; no campo de pesquisa">
<kw name="Input Text" library="SeleniumLibrary">
<arg>locator=${CAMPO_BUSCA}</arg>
<arg>text=${PESQUISA_PRODUTO}</arg>
<doc>Types the given ``text`` into the text field identified by ``locator``.</doc>
<msg timestamp="20220313 18:32:19.356" level="INFO">Typing text 'Xbox Series S' into text field 'twotabsearchtextbox'.</msg>
<status status="PASS" starttime="20220313 18:32:19.356" endtime="20220313 18:32:19.494"/>
</kw>
<status status="PASS" starttime="20220313 18:32:19.355" endtime="20220313 18:32:19.494"/>
</kw>
<kw name="Clicar no botão de pesquisa" library="amazon_resources">
<kw name="Click Element" library="SeleniumLibrary">
<arg>${BTN_PESQUISA}</arg>
<doc>Click the element identified by ``locator``.</doc>
<msg timestamp="20220313 18:32:19.495" level="INFO">Clicking element 'nav-search-submit-button'.</msg>
<status status="PASS" starttime="20220313 18:32:19.495" endtime="20220313 18:32:20.958"/>
</kw>
<status status="PASS" starttime="20220313 18:32:19.495" endtime="20220313 18:32:20.958"/>
</kw>
<kw name="Verificar o resultado da pesquisa se esta listando o produto pesquisado" library="amazon_resources">
<kw name="Element Should Be Visible" library="SeleniumLibrary">
<arg>locator=(//span[@class='a-size-base-plus a-color-base a-text-normal'][contains(.,'Xbox Series S')])[2]</arg>
<doc>Verifies that the element identified by ``locator`` is visible.</doc>
<msg timestamp="20220313 18:32:20.978" level="INFO">Element '(//span[@class='a-size-base-plus a-color-base a-text-normal'][contains(.,'Xbox Series S')])[2]' is displayed.</msg>
<status status="PASS" starttime="20220313 18:32:20.959" endtime="20220313 18:32:20.978"/>
</kw>
<status status="PASS" starttime="20220313 18:32:20.959" endtime="20220313 18:32:20.978"/>
</kw>
<kw name="Fechar o navegador" library="amazon_resources" type="TEARDOWN">
<kw name="Capture Page Screenshot" library="SeleniumLibrary">
<doc>Takes a screenshot of the current page and embeds it into a log file.</doc>
<msg timestamp="20220313 18:32:21.256" level="INFO" html="true">&lt;/td&gt;&lt;/tr&gt;&lt;tr&gt;&lt;td colspan="3"&gt;&lt;a href="selenium-screenshot-6.png"&gt;&lt;img src="selenium-screenshot-6.png" width="800px"&gt;&lt;/a&gt;</msg>
<status status="PASS" starttime="20220313 18:32:20.980" endtime="20220313 18:32:21.256"/>
</kw>
<kw name="Close Browser" library="SeleniumLibrary">
<doc>Closes the current browser.</doc>
<status status="PASS" starttime="20220313 18:32:21.257" endtime="20220313 18:32:23.386"/>
</kw>
<status status="PASS" starttime="20220313 18:32:20.980" endtime="20220313 18:32:23.386"/>
</kw>
<doc>Esse teste verifica a busca de um produto</doc>
<tag>busca_produtos</tag>
<tag>lista_busca</tag>
<status status="PASS" starttime="20220313 18:32:16.414" endtime="20220313 18:32:23.387"/>
</test>
<test id="s1-t3" name="Caso de Teste 03 - Pesquisa de um Produto (Resolvido pela professora)">
<kw name="Abrir o navegador" library="amazon_resources" type="SETUP">
<kw name="Open Browser" library="SeleniumLibrary">
<arg>browser=chrome</arg>
<doc>Opens a new browser instance to the optional ``url``.</doc>
<msg timestamp="20220313 18:32:23.393" level="INFO">Opening browser 'chrome' to base url 'None'.</msg>
<status status="PASS" starttime="20220313 18:32:23.393" endtime="20220313 18:32:24.583"/>
</kw>
<kw name="Maximize Browser Window" library="SeleniumLibrary">
<doc>Maximizes current browser window.</doc>
<status status="PASS" starttime="20220313 18:32:24.583" endtime="20220313 18:32:24.707"/>
</kw>
<status status="PASS" starttime="20220313 18:32:23.392" endtime="20220313 18:32:24.707"/>
</kw>
<kw name="Acessar a home page do site Amazon.com.br" library="amazon_resources">
<kw name="Go To" library="SeleniumLibrary">
<arg>url=${URL}</arg>
<doc>Navigates the current browser window to the provided ``url``.</doc>
<msg timestamp="20220313 18:32:24.708" level="INFO">Opening url 'https://www.amazon.com.br/'</msg>
<status status="PASS" starttime="20220313 18:32:24.708" endtime="20220313 18:32:26.869"/>
</kw>
<kw name="Wait Until Element Is Visible" library="SeleniumLibrary">
<arg>locator=${MENU_ELETRONICOS}</arg>
<doc>Waits until the element ``locator`` is visible.</doc>
<status status="PASS" starttime="20220313 18:32:26.869" endtime="20220313 18:32:26.931"/>
</kw>
<status status="PASS" starttime="20220313 18:32:24.707" endtime="20220313 18:32:26.931"/>
</kw>
<kw name="Digitar o nome de produto &quot;Xbox Series S&quot; no campo de pesquisa" library="amazon_resources" sourcename="Digitar o nome de produto &quot;${PESQUISA_PRODUTO}&quot; no campo de pesquisa">
<kw name="Input Text" library="SeleniumLibrary">
<arg>locator=${CAMPO_BUSCA}</arg>
<arg>text=${PESQUISA_PRODUTO}</arg>
<doc>Types the given ``text`` into the text field identified by ``locator``.</doc>
<msg timestamp="20220313 18:32:26.933" level="INFO">Typing text 'Xbox Series S' into text field 'twotabsearchtextbox'.</msg>
<status status="PASS" starttime="20220313 18:32:26.932" endtime="20220313 18:32:27.068"/>
</kw>
<status status="PASS" starttime="20220313 18:32:26.932" endtime="20220313 18:32:27.069"/>
</kw>
<kw name="Clicar no botão de pesquisa" library="amazon_resources">
<kw name="Click Element" library="SeleniumLibrary">
<arg>${BTN_PESQUISA}</arg>
<doc>Click the element identified by ``locator``.</doc>
<msg timestamp="20220313 18:32:27.070" level="INFO">Clicking element 'nav-search-submit-button'.</msg>
<status status="PASS" starttime="20220313 18:32:27.070" endtime="20220313 18:32:28.752"/>
</kw>
<status status="PASS" starttime="20220313 18:32:27.069" endtime="20220313 18:32:28.752"/>
</kw>
<kw name="Verificar o resultado da pesquisa se esta listando o produto &quot;Console Xbox Series S&quot;" library="amazon_resources" sourcename="Verificar o resultado da pesquisa se esta listando o produto &quot;${PRODUTO}&quot;">
<kw name="Wait Until Element Is Visible" library="SeleniumLibrary">
<arg>locator=(//span[contains(.,'${PRODUTO}')])[2]</arg>
<doc>Waits until the element ``locator`` is visible.</doc>
<status status="PASS" starttime="20220313 18:32:28.753" endtime="20220313 18:32:28.775"/>
</kw>
<status status="PASS" starttime="20220313 18:32:28.753" endtime="20220313 18:32:28.775"/>
</kw>
<kw name="Fechar o navegador" library="amazon_resources" type="TEARDOWN">
<kw name="Capture Page Screenshot" library="SeleniumLibrary">
<doc>Takes a screenshot of the current page and embeds it into a log file.</doc>
<msg timestamp="20220313 18:32:29.009" level="INFO" html="true">&lt;/td&gt;&lt;/tr&gt;&lt;tr&gt;&lt;td colspan="3"&gt;&lt;a href="selenium-screenshot-7.png"&gt;&lt;img src="selenium-screenshot-7.png" width="800px"&gt;&lt;/a&gt;</msg>
<status status="PASS" starttime="20220313 18:32:28.776" endtime="20220313 18:32:29.009"/>
</kw>
<kw name="Close Browser" library="SeleniumLibrary">
<doc>Closes the current browser.</doc>
<status status="PASS" starttime="20220313 18:32:29.010" endtime="20220313 18:32:31.127"/>
</kw>
<status status="PASS" starttime="20220313 18:32:28.775" endtime="20220313 18:32:31.128"/>
</kw>
<doc>Esse teste verifica a busca de um produto</doc>
<tag>busca_produtos</tag>
<tag>lista_busca</tag>
<status status="PASS" starttime="20220313 18:32:23.391" endtime="20220313 18:32:31.129"/>
</test>
<doc>Essa suíte testa o site da Amazon.com.br</doc>
<status status="PASS" starttime="20220313 18:32:08.346" endtime="20220313 18:32:31.134"/>
</suite>
<statistics>
<total>
<stat pass="3" fail="0" skip="0">All Tests</stat>
</total>
<tag>
<stat pass="2" fail="0" skip="0">busca_produtos</stat>
<stat pass="1" fail="0" skip="0">catergorias</stat>
<stat pass="2" fail="0" skip="0">lista_busca</stat>
<stat pass="1" fail="0" skip="0">menus</stat>
</tag>
<suite>
<stat pass="3" fail="0" skip="0" id="s1" name="Amazon Testes">Amazon Testes</stat>
</suite>
</statistics>
<errors>
</errors>
</robot>
